<?xml version="1.0" encoding="UTF-8"?>
<testsuite xmlns:xsi="http://www.w3.org/2001/XMLSchema-instance" xsi:noNamespaceSchemaLocation="https://maven.apache.org/surefire/maven-surefire-plugin/xsd/surefire-test-report.xsd" name="com.ratz.restfullapi.unittests.mapper.DozerConverterTest" time="0.068" tests="4" errors="0" skipped="0" failures="0">
  <properties>
[...]
</properties>
  <testcase name="parserDTOListToEntityListTest" classname="com.ratz.restfullapi.unittests.mapper.DozerConverterTest" time="0.063"/>
  <testcase name="parseEntityToDTOTest" classname="com.ratz.restfullapi.unittests.mapper.DozerConverterTest" time="0.002"/>
  <testcase name="parseDTOToEntityTest" classname="com.ratz.restfullapi.unittests.mapper.DozerConverterTest" time="0"/>
  <testcase name="parseEntityListToDTOListTest" classname="com.ratz.restfullapi.unittests.mapper.DozerConverterTest" time="0.002"/>
</testsuite>